and/app/build/intermediates/manifest_merge_blame_file/release/manifest-merger-blame-release-report.txt
1<?xml version="1.0" encoding="utf-8"?>
2<manifest xmlns:android="http://schemas.android.com/apk/res/android"
3    package="com.example.finalteamproject"
4    android:versionCode="1"
5    android:versionName="1.0" >
6
7    <uses-sdk
8        android:minSdkVersion="24"
8-->src\main\AndroidManifest.xml
9        android:targetSdkVersion="33" />
9-->src\main\AndroidManifest.xml
10    <!-- 네이버 지도 -->
11    <uses-permission android:name="android.permission.INTERNET" />
11-->src\main\AndroidManifest.xml:5:5-67
11-->src\main\AndroidManifest.xml:5:22-64
12    <uses-permission android:name="android.permission.ACCESS_FINE_LOCATION" />
12-->src\main\AndroidManifest.xml:6:5-79
12-->src\main\AndroidManifest.xml:6:22-76
13    <uses-permission android:name="android.permission.ACCESS_COARSE_LOCATION" />
13-->src\main\AndroidManifest.xml:7:5-81
13-->src\main\AndroidManifest.xml:7:22-78
14    <uses-permission android:name="android.permission.ACCESS_BACKGROUND_LOCATION" /> <!-- sms 보내기 권한 -->
14-->src\main\AndroidManifest.xml:8:5-85
14-->src\main\AndroidManifest.xml:8:22-82
15    <uses-feature
15-->src\main\AndroidManifest.xml:9:5-11:35
16        android:name="android.hardware.telephony"
16-->src\main\AndroidManifest.xml:10:9-50
17        android:required="true" />
17-->src\main\AndroidManifest.xml:11:9-32
18
19    <uses-permission android:name="android.permission.WRITE_EXTERNAL_STORAGE" />
19-->src\main\AndroidManifest.xml:13:5-81
19-->src\main\AndroidManifest.xml:13:22-78
20    <uses-permission android:name="android.permission.SEND_SMS" /> <!-- 카메라 접근 권한 -->
20-->src\main\AndroidManifest.xml:14:5-67
20-->src\main\AndroidManifest.xml:14:22-64
21    <uses-permission android:name="android.permission.SEND_SMS" />
21-->src\main\AndroidManifest.xml:14:5-67
21-->src\main\AndroidManifest.xml:14:22-64
22    <uses-permission android:name="android.permission.INTERNET" />
22-->src\main\AndroidManifest.xml:5:5-67
22-->src\main\AndroidManifest.xml:5:22-64
23    <uses-permission android:name="android.permission.READ_EXTERNAL_STORAGE" />
23-->src\main\AndroidManifest.xml:17:5-80
23-->src\main\AndroidManifest.xml:17:22-77
24    <uses-permission android:name="android.permission.ACCESS_MEDIA_LOCATION" />
24-->src\main\AndroidManifest.xml:18:5-80
24-->src\main\AndroidManifest.xml:18:22-77
25    <uses-permission android:name="android.permission.WRITE_EXTERNAL_STORAGE" />
25-->src\main\AndroidManifest.xml:13:5-81
25-->src\main\AndroidManifest.xml:13:22-78
26    <uses-permission android:name="android.permission.MANAGE_EXTERNAL_STORAGE" /> <!-- 카메라 접근 권한 -->
26-->src\main\AndroidManifest.xml:20:5-82
26-->src\main\AndroidManifest.xml:20:22-79
27    <uses-permission android:name="android.permission.CAMERA" />
27-->src\main\AndroidManifest.xml:21:5-65
27-->src\main\AndroidManifest.xml:21:22-62
28
29    <uses-feature
29-->src\main\AndroidManifest.xml:23:5-25:35
30        android:name="android.hardware.camera"
30-->src\main\AndroidManifest.xml:24:9-47
31        android:required="true" />
31-->src\main\AndroidManifest.xml:25:9-32
32    <uses-feature
32-->src\main\AndroidManifest.xml:26:5-28:35
33        android:name="android.hardware.camera2"
33-->src\main\AndroidManifest.xml:27:9-48
34        android:required="true" />
34-->src\main\AndroidManifest.xml:28:9-32
35
36    <queries>
36-->src\main\AndroidManifest.xml:30:5-57:15
37        <intent>
37-->src\main\AndroidManifest.xml:31:9-37:18
38            <action android:name="android.intent.action.VIEW" />
38-->src\main\AndroidManifest.xml:32:13-65
38-->src\main\AndroidManifest.xml:32:21-62
39
40            <category android:name="android.intent.category.BROWSABLE" />
40-->src\main\AndroidManifest.xml:34:13-74
40-->src\main\AndroidManifest.xml:34:23-71
41
42            <data android:scheme="http" />
42-->src\main\AndroidManifest.xml:36:13-43
42-->src\main\AndroidManifest.xml:36:19-40
43        </intent>
44        <intent>
44-->src\main\AndroidManifest.xml:38:9-44:18
45            <action android:name="android.intent.action.VIEW" />
45-->src\main\AndroidManifest.xml:32:13-65
45-->src\main\AndroidManifest.xml:32:21-62
46
47            <category android:name="android.intent.category.BROWSABLE" />
47-->src\main\AndroidManifest.xml:34:13-74
47-->src\main\AndroidManifest.xml:34:23-71
48
49            <data android:scheme="https" />
49-->src\main\AndroidManifest.xml:36:13-43
49-->src\main\AndroidManifest.xml:36:19-40
50        </intent>
51        <!-- Camera -->
52        <intent>
52-->src\main\AndroidManifest.xml:46:9-48:18
53            <action android:name="android.media.action.IMAGE_CAPTURE" />
53-->src\main\AndroidManifest.xml:47:13-73
53-->src\main\AndroidManifest.xml:47:21-70
54        </intent>
55        <!-- Gallery -->
56        <intent>
56-->src\main\AndroidManifest.xml:50:9-52:18
57            <action android:name="android.intent.action.GET_CONTENT" />
57-->src\main\AndroidManifest.xml:51:13-72
57-->src\main\AndroidManifest.xml:51:21-69
58        </intent>
59        <!-- Youtube -->
60        <intent>
60-->src\main\AndroidManifest.xml:54:9-56:18
61            <action android:name="android.media.browse.MediaBrowserService" />
61-->src\main\AndroidManifest.xml:55:13-79
61-->src\main\AndroidManifest.xml:55:21-76
62        </intent>
63    </queries>
64
65    <uses-permission android:name="android.permission.ACCESS_NETWORK_STATE" />
65-->[com.google.firebase:firebase-messaging:23.2.0] AndroidManifest.xml:24:5-79
65-->[com.google.firebase:firebase-messaging:23.2.0] AndroidManifest.xml:24:22-76
66    <uses-permission android:name="android.permission.POST_NOTIFICATIONS" />
66-->[com.google.firebase:firebase-messaging:23.2.0] AndroidManifest.xml:25:5-77
66-->[com.google.firebase:firebase-messaging:23.2.0] AndroidManifest.xml:25:22-74
67    <uses-permission android:name="android.permission.WAKE_LOCK" /> <!-- Required by older versions of Google Play services to create IID tokens -->
67-->[com.google.firebase:firebase-messaging:23.2.0] AndroidManifest.xml:26:5-68
67-->[com.google.firebase:firebase-messaging:23.2.0] AndroidManifest.xml:26:22-65
68    <uses-permission android:name="com.google.android.c2dm.permission.RECEIVE" />
68-->[com.google.firebase:firebase-messaging:23.2.0] AndroidManifest.xml:28:5-82
68-->[com.google.firebase:firebase-messaging:23.2.0] AndroidManifest.xml:28:22-79
69    <uses-permission android:name="android.permission.RECEIVE_BOOT_COMPLETED" />
69-->[androidx.work:work-runtime:2.8.1] AndroidManifest.xml:25:5-81
69-->[androidx.work:work-runtime:2.8.1] AndroidManifest.xml:25:22-78
70    <uses-permission android:name="android.permission.FOREGROUND_SERVICE" />
70-->[androidx.work:work-runtime:2.8.1] AndroidManifest.xml:26:5-77
70-->[androidx.work:work-runtime:2.8.1] AndroidManifest.xml:26:22-74
71
72    <uses-feature
72-->[com.naver.maps:map-sdk:3.17.0] AndroidManifest.xml:7:5-9:35
73        android:glEsVersion="0x00020000"
73-->[com.naver.maps:map-sdk:3.17.0] AndroidManifest.xml:8:9-41
74        android:required="true" />
74-->[com.naver.maps:map-sdk:3.17.0] AndroidManifest.xml:9:9-32
75    <uses-feature
75-->[com.naver.maps:map-sdk:3.17.0] AndroidManifest.xml:10:5-12:36
76        android:name="android.hardware.wifi"
76-->[com.naver.maps:map-sdk:3.17.0] AndroidManifest.xml:11:9-45
77        android:required="false" />
77-->[com.naver.maps:map-sdk:3.17.0] AndroidManifest.xml:12:9-33
78
79    <uses-permission android:name="android.permission.ACCESS_WIFI_STATE" />
79-->[com.naver.maps:map-sdk:3.17.0] AndroidManifest.xml:16:5-76
79-->[com.naver.maps:map-sdk:3.17.0] AndroidManifest.xml:16:22-73
80    <uses-permission android:name="com.google.android.gms.permission.AD_ID" />
80-->[com.google.android.gms:play-services-measurement-api:21.3.0] AndroidManifest.xml:25:5-79
80-->[com.google.android.gms:play-services-measurement-api:21.3.0] AndroidManifest.xml:25:22-76
81    <uses-permission android:name="com.google.android.finsky.permission.BIND_GET_INSTALL_REFERRER_SERVICE" />
81-->[com.google.android.gms:play-services-measurement:21.3.0] AndroidManifest.xml:26:5-110
81-->[com.google.android.gms:play-services-measurement:21.3.0] AndroidManifest.xml:26:22-107
82
83    <permission
83-->[androidx.core:core:1.9.0] AndroidManifest.xml:22:5-24:47
84        android:name="com.example.finalteamproject.DYNAMIC_RECEIVER_NOT_EXPORTED_PERMISSION"
84-->[androidx.core:core:1.9.0] AndroidManifest.xml:23:9-81
85        android:protectionLevel="signature" />
85-->[androidx.core:core:1.9.0] AndroidManifest.xml:24:9-44
86
87    <uses-permission android:name="com.example.finalteamproject.DYNAMIC_RECEIVER_NOT_EXPORTED_PERMISSION" />
87-->[androidx.core:core:1.9.0] AndroidManifest.xml:26:5-97
87-->[androidx.core:core:1.9.0] AndroidManifest.xml:26:22-94
88
89    <application
89-->src\main\AndroidManifest.xml:59:5-190:19
90        android:allowBackup="true"
90-->src\main\AndroidManifest.xml:60:9-35
91        android:appComponentFactory="androidx.core.app.CoreComponentFactory"
91-->[androidx.core:core:1.9.0] AndroidManifest.xml:28:18-86
92        android:dataExtractionRules="@xml/data_extraction_rules"
92-->src\main\AndroidManifest.xml:61:9-65
93        android:extractNativeLibs="false"
94        android:fullBackupContent="@xml/backup_rules"
94-->src\main\AndroidManifest.xml:62:9-54
95        android:icon="@mipmap/ic_launcher"
95-->src\main\AndroidManifest.xml:63:9-43
96        android:label="@string/app_name"
96-->src\main\AndroidManifest.xml:64:9-41
97        android:roundIcon="@mipmap/ic_launcher_round"
97-->src\main\AndroidManifest.xml:65:9-54
98        android:supportsRtl="true"
98-->src\main\AndroidManifest.xml:66:9-35
99        android:theme="@style/Project02.LastProject"
99-->src\main\AndroidManifest.xml:67:9-53
100        android:usesCleartextTraffic="true" >
100-->src\main\AndroidManifest.xml:68:9-44
101        <activity
101-->src\main\AndroidManifest.xml:70:9-72:40
102            android:name="com.example.finalteamproject.setting.DeleteAccountActivity"
102-->src\main\AndroidManifest.xml:71:13-58
103            android:exported="false" />
103-->src\main\AndroidManifest.xml:72:13-37
104        <activity
104-->src\main\AndroidManifest.xml:73:9-75:40
105            android:name="com.example.finalteamproject.main.BoardActivity"
105-->src\main\AndroidManifest.xml:74:13-47
106            android:exported="false" />
106-->src\main\AndroidManifest.xml:75:13-37
107        <activity
107-->src\main\AndroidManifest.xml:76:9-78:40
108            android:name="com.example.finalteamproject.Login.LockScreenPatternActivity"
108-->src\main\AndroidManifest.xml:77:13-60
109            android:exported="false" />
109-->src\main\AndroidManifest.xml:78:13-37
110        <activity
110-->src\main\AndroidManifest.xml:79:9-81:40
111            android:name="com.example.finalteamproject.Login.LockScreenPasswordActivity"
111-->src\main\AndroidManifest.xml:80:13-61
112            android:exported="false" />
112-->src\main\AndroidManifest.xml:81:13-37
113        <activity
113-->src\main\AndroidManifest.xml:82:9-84:40
114            android:name="com.example.finalteamproject.game.RankActivity"
114-->src\main\AndroidManifest.xml:83:13-46
115            android:exported="false" />
115-->src\main\AndroidManifest.xml:84:13-37
116        <activity
116-->src\main\AndroidManifest.xml:85:9-87:40
117            android:name="com.example.finalteamproject.game.GameActivity"
117-->src\main\AndroidManifest.xml:86:13-46
118            android:exported="false" />
118-->src\main\AndroidManifest.xml:87:13-37
119        <activity
119-->src\main\AndroidManifest.xml:88:9-90:40
120            android:name="com.example.finalteamproject.game.GameActivity00"
120-->src\main\AndroidManifest.xml:89:13-48
121            android:exported="false" />
121-->src\main\AndroidManifest.xml:90:13-37
122        <activity
122-->src\main\AndroidManifest.xml:91:9-93:40
123            android:name="com.example.finalteamproject.Login.LoginCheckActivity"
123-->src\main\AndroidManifest.xml:92:13-53
124            android:exported="false" />
124-->src\main\AndroidManifest.xml:93:13-37
125        <activity
125-->src\main\AndroidManifest.xml:94:9-96:40
126            android:name="com.example.finalteamproject.Login.LoginProfileActivity"
126-->src\main\AndroidManifest.xml:95:13-55
127            android:exported="false" />
127-->src\main\AndroidManifest.xml:96:13-37
128        <activity
128-->src\main\AndroidManifest.xml:97:9-99:40
129            android:name="com.example.finalteamproject.chat.MessageChatActivity"
129-->src\main\AndroidManifest.xml:98:13-53
130            android:exported="false" />
130-->src\main\AndroidManifest.xml:99:13-37
131        <activity
131-->src\main\AndroidManifest.xml:100:9-102:40
132            android:name="com.example.finalteamproject.setting.SetPatternActivity"
132-->src\main\AndroidManifest.xml:101:13-55
133            android:exported="false" />
133-->src\main\AndroidManifest.xml:102:13-37
134        <activity
134-->src\main\AndroidManifest.xml:103:9-105:40
135            android:name="com.example.finalteamproject.setting.SetPasswordActivity"
135-->src\main\AndroidManifest.xml:104:13-56
136            android:exported="false" />
136-->src\main\AndroidManifest.xml:105:13-37
137        <activity
137-->src\main\AndroidManifest.xml:106:9-108:40
138            android:name="com.example.finalteamproject.chat.InCallActivity"
138-->src\main\AndroidManifest.xml:107:13-48
139            android:exported="false" /> <!-- 네이버지도 클라이언트 -->
139-->src\main\AndroidManifest.xml:108:13-37
140        <meta-data
140-->src\main\AndroidManifest.xml:109:9-111:42
141            android:name="com.naver.maps.map.CLIENT_ID"
141-->src\main\AndroidManifest.xml:110:13-56
142            android:value="80ghgk6580" />
142-->src\main\AndroidManifest.xml:111:13-39
143
144        <activity
144-->src\main\AndroidManifest.xml:113:9-115:40
145            android:name="com.example.finalteamproject.setting.ChangePasswordActivity"
145-->src\main\AndroidManifest.xml:114:13-59
146            android:exported="false" />
146-->src\main\AndroidManifest.xml:115:13-37
147        <activity
147-->src\main\AndroidManifest.xml:116:9-118:40
148            android:name="com.example.finalteamproject.setting.ChangeAlarmActivity"
148-->src\main\AndroidManifest.xml:117:13-56
149            android:exported="false" />
149-->src\main\AndroidManifest.xml:118:13-37
150        <activity
150-->src\main\AndroidManifest.xml:119:9-121:40
151            android:name="com.example.finalteamproject.setting.ChangeFontActivity"
151-->src\main\AndroidManifest.xml:120:13-55
152            android:exported="false" />
152-->src\main\AndroidManifest.xml:121:13-37
153        <activity
153-->src\main\AndroidManifest.xml:122:9-124:40
154            android:name="com.example.finalteamproject.Login.LoginDoneActivity"
154-->src\main\AndroidManifest.xml:123:13-52
155            android:exported="false" />
155-->src\main\AndroidManifest.xml:124:13-37
156        <activity
156-->src\main\AndroidManifest.xml:125:9-127:40
157            android:name="com.example.finalteamproject.Login.LoginGodokSpinnerActivity"
157-->src\main\AndroidManifest.xml:126:13-60
158            android:exported="false" />
158-->src\main\AndroidManifest.xml:127:13-37
159        <activity
159-->src\main\AndroidManifest.xml:128:9-130:40
160            android:name="com.example.finalteamproject.Login.LoginGodokActivity"
160-->src\main\AndroidManifest.xml:129:13-53
161            android:exported="false" />
161-->src\main\AndroidManifest.xml:130:13-37
162        <activity
162-->src\main\AndroidManifest.xml:131:9-133:40
163            android:name="com.example.finalteamproject.Login.LoginFavorActivity"
163-->src\main\AndroidManifest.xml:132:13-53
164            android:exported="false" />
164-->src\main\AndroidManifest.xml:133:13-37
165        <activity
165-->src\main\AndroidManifest.xml:134:9-136:40
166            android:name="com.example.finalteamproject.Login.LoginInfoActivity"
166-->src\main\AndroidManifest.xml:135:13-52
167            android:exported="false" />
167-->src\main\AndroidManifest.xml:136:13-37
168        <activity
168-->src\main\AndroidManifest.xml:137:9-139:40
169            android:name="com.example.finalteamproject.setting.ChangeProfileActivity"
169-->src\main\AndroidManifest.xml:138:13-58
170            android:exported="false" />
170-->src\main\AndroidManifest.xml:139:13-37
171        <activity
171-->src\main\AndroidManifest.xml:140:9-142:40
172            android:name="com.example.finalteamproject.Login.IDCardActivity"
172-->src\main\AndroidManifest.xml:141:13-49
173            android:exported="false" />
173-->src\main\AndroidManifest.xml:142:13-37
174        <activity
174-->src\main\AndroidManifest.xml:143:9-145:40
175            android:name="com.example.finalteamproject.Login.PhoneActivity"
175-->src\main\AndroidManifest.xml:144:13-48
176            android:exported="false" />
176-->src\main\AndroidManifest.xml:145:13-37
177        <activity
177-->src\main\AndroidManifest.xml:146:9-148:40
178            android:name="com.example.finalteamproject.Login.LoginActivity"
178-->src\main\AndroidManifest.xml:147:13-48
179            android:exported="false" />
179-->src\main\AndroidManifest.xml:148:13-37
180        <activity
180-->src\main\AndroidManifest.xml:149:9-151:40
181            android:name="com.example.finalteamproject.gps.SuccessActivity"
181-->src\main\AndroidManifest.xml:150:13-48
182            android:exported="false" />
182-->src\main\AndroidManifest.xml:151:13-37
183        <activity
183-->src\main\AndroidManifest.xml:152:9-154:40
184            android:name="com.example.finalteamproject.gps.GpsAdminActivity"
184-->src\main\AndroidManifest.xml:153:13-49
185            android:exported="false" />
185-->src\main\AndroidManifest.xml:154:13-37
186        <activity
186-->src\main\AndroidManifest.xml:155:9-157:40
187            android:name="com.example.finalteamproject.gps.GpsDetailActivity"
187-->src\main\AndroidManifest.xml:156:13-50
188            android:exported="false" />
188-->src\main\AndroidManifest.xml:157:13-37
189        <activity
189-->src\main\AndroidManifest.xml:158:9-160:40
190            android:name="com.example.finalteamproject.gps.GpsLikeActivity"
190-->src\main\AndroidManifest.xml:159:13-48
191            android:exported="false" />
191-->src\main\AndroidManifest.xml:160:13-37
192        <activity
192-->src\main\AndroidManifest.xml:161:9-163:40
193            android:name="com.example.finalteamproject.MainAlarmHistoryActivity"
193-->src\main\AndroidManifest.xml:162:13-53
194            android:exported="false" />
194-->src\main\AndroidManifest.xml:163:13-37
195        <activity
195-->src\main\AndroidManifest.xml:164:9-166:40
196            android:name="com.example.finalteamproject.MainActivity"
196-->src\main\AndroidManifest.xml:165:13-41
197            android:exported="false" />
197-->src\main\AndroidManifest.xml:166:13-37
198        <activity
198-->src\main\AndroidManifest.xml:167:9-169:40
199            android:name="com.example.finalteamproject.main.MainAlarmHistoryActivity"
199-->src\main\AndroidManifest.xml:168:13-58
200            android:exported="false" />
200-->src\main\AndroidManifest.xml:169:13-37
201        <activity
201-->src\main\AndroidManifest.xml:170:9-172:40
202            android:name="com.example.finalteamproject.main.MainActivity"
202-->src\main\AndroidManifest.xml:171:13-46
203            android:exported="false" />
203-->src\main\AndroidManifest.xml:172:13-37
204        <activity
204-->src\main\AndroidManifest.xml:173:9-181:20
205            android:name="com.example.finalteamproject.main.SplashActivity"
205-->src\main\AndroidManifest.xml:174:13-48
206            android:exported="true" >
206-->src\main\AndroidManifest.xml:175:13-36
207            <intent-filter>
207-->src\main\AndroidManifest.xml:176:13-180:29
208                <action android:name="android.intent.action.MAIN" />
208-->src\main\AndroidManifest.xml:177:17-69
208-->src\main\AndroidManifest.xml:177:25-66
209
210                <category android:name="android.intent.category.LAUNCHER" />
210-->src\main\AndroidManifest.xml:179:17-77
210-->src\main\AndroidManifest.xml:179:27-74
211            </intent-filter>
212        </activity>
213
214        <service
214-->src\main\AndroidManifest.xml:183:9-189:19
215            android:name="com.example.finalteamproject.FirebaseMessageReceiver"
215-->src\main\AndroidManifest.xml:184:13-52
216            android:exported="false" >
216-->src\main\AndroidManifest.xml:185:13-37
217            <intent-filter>
217-->src\main\AndroidManifest.xml:186:13-188:29
218                <action android:name="com.google.firebase.MESSAGING_EVENT" />
218-->src\main\AndroidManifest.xml:187:17-78
218-->src\main\AndroidManifest.xml:187:25-75
219            </intent-filter>
220        </service>
221
222        <receiver
222-->[com.google.firebase:firebase-messaging:23.2.0] AndroidManifest.xml:31:9-38:20
223            android:name="com.google.firebase.iid.FirebaseInstanceIdReceiver"
223-->[com.google.firebase:firebase-messaging:23.2.0] AndroidManifest.xml:32:13-78
224            android:exported="true"
224-->[com.google.firebase:firebase-messaging:23.2.0] AndroidManifest.xml:33:13-36
225            android:permission="com.google.android.c2dm.permission.SEND" >
225-->[com.google.firebase:firebase-messaging:23.2.0] AndroidManifest.xml:34:13-73
226            <intent-filter>
226-->[com.google.firebase:firebase-messaging:23.2.0] AndroidManifest.xml:35:13-37:29
227                <action android:name="com.google.android.c2dm.intent.RECEIVE" />
227-->[com.google.firebase:firebase-messaging:23.2.0] AndroidManifest.xml:36:17-81
227-->[com.google.firebase:firebase-messaging:23.2.0] AndroidManifest.xml:36:25-78
228            </intent-filter>
229        </receiver>
230        <!--
231             FirebaseMessagingService performs security checks at runtime,
232             but set to not exported to explicitly avoid allowing another app to call it.
233        -->
234        <service
234-->[com.google.firebase:firebase-messaging:23.2.0] AndroidManifest.xml:44:9-51:19
235            android:name="com.google.firebase.messaging.FirebaseMessagingService"
235-->[com.google.firebase:firebase-messaging:23.2.0] AndroidManifest.xml:45:13-82
236            android:directBootAware="true"
236-->[com.google.firebase:firebase-messaging:23.2.0] AndroidManifest.xml:46:13-43
237            android:exported="false" >
237-->[com.google.firebase:firebase-messaging:23.2.0] AndroidManifest.xml:47:13-37
238            <intent-filter android:priority="-500" >
238-->src\main\AndroidManifest.xml:186:13-188:29
239                <action android:name="com.google.firebase.MESSAGING_EVENT" />
239-->src\main\AndroidManifest.xml:187:17-78
239-->src\main\AndroidManifest.xml:187:25-75
240            </intent-filter>
241        </service>
242        <service
242-->[com.google.firebase:firebase-messaging:23.2.0] AndroidManifest.xml:52:9-58:19
243            android:name="com.google.firebase.components.ComponentDiscoveryService"
243-->[com.google.firebase:firebase-messaging:23.2.0] AndroidManifest.xml:53:13-84
244            android:directBootAware="true"
244-->[com.google.firebase:firebase-common:20.3.3] AndroidManifest.xml:34:13-43
245            android:exported="false" >
245-->[com.google.firebase:firebase-messaging:23.2.0] AndroidManifest.xml:54:13-37
246            <meta-data
246-->[com.google.firebase:firebase-messaging:23.2.0] AndroidManifest.xml:55:13-57:85
247                android:name="com.google.firebase.components:com.google.firebase.messaging.FirebaseMessagingRegistrar"
247-->[com.google.firebase:firebase-messaging:23.2.0] AndroidManifest.xml:56:17-119
248                android:value="com.google.firebase.components.ComponentRegistrar" />
248-->[com.google.firebase:firebase-messaging:23.2.0] AndroidManifest.xml:57:17-82
249            <meta-data
249-->[com.google.firebase:firebase-auth:22.1.0] AndroidManifest.xml:69:13-71:85
250                android:name="com.google.firebase.components:com.google.firebase.auth.FirebaseAuthRegistrar"
250-->[com.google.firebase:firebase-auth:22.1.0] AndroidManifest.xml:70:17-109
251                android:value="com.google.firebase.components.ComponentRegistrar" />
251-->[com.google.firebase:firebase-auth:22.1.0] AndroidManifest.xml:71:17-82
252            <meta-data
252-->[com.google.firebase:firebase-database:20.2.2] AndroidManifest.xml:31:13-33:85
253                android:name="com.google.firebase.components:com.google.firebase.database.DatabaseRegistrar"
253-->[com.google.firebase:firebase-database:20.2.2] AndroidManifest.xml:32:17-109
254                android:value="com.google.firebase.components.ComponentRegistrar" />
254-->[com.google.firebase:firebase-database:20.2.2] AndroidManifest.xml:33:17-82
255            <meta-data
255-->[com.google.firebase:firebase-datatransport:18.1.7] AndroidManifest.xml:27:13-29:85
256                android:name="com.google.firebase.components:com.google.firebase.datatransport.TransportRegistrar"
256-->[com.google.firebase:firebase-datatransport:18.1.7] AndroidManifest.xml:28:17-115
257                android:value="com.google.firebase.components.ComponentRegistrar" />
257-->[com.google.firebase:firebase-datatransport:18.1.7] AndroidManifest.xml:29:17-82
258            <meta-data
258-->[com.google.android.gms:play-services-measurement-api:21.3.0] AndroidManifest.xml:31:13-33:85
259                android:name="com.google.firebase.components:com.google.firebase.analytics.connector.internal.AnalyticsConnectorRegistrar"
259-->[com.google.android.gms:play-services-measurement-api:21.3.0] AndroidManifest.xml:32:17-139
260                android:value="com.google.firebase.components.ComponentRegistrar" />
260-->[com.google.android.gms:play-services-measurement-api:21.3.0] AndroidManifest.xml:33:17-82
261            <meta-data
261-->[com.google.firebase:firebase-installations:17.1.3] AndroidManifest.xml:17:13-19:85
262                android:name="com.google.firebase.components:com.google.firebase.installations.FirebaseInstallationsRegistrar"
262-->[com.google.firebase:firebase-installations:17.1.3] AndroidManifest.xml:18:17-127
263                android:value="com.google.firebase.components.ComponentRegistrar" />
263-->[com.google.firebase:firebase-installations:17.1.3] AndroidManifest.xml:19:17-82
264        </service>
265
266        <provider
266-->[androidx.work:work-runtime:2.8.1] AndroidManifest.xml:29:9-37:20
267            android:name="androidx.startup.InitializationProvider"
267-->[androidx.work:work-runtime:2.8.1] AndroidManifest.xml:30:13-67
268            android:authorities="com.example.finalteamproject.androidx-startup"
268-->[androidx.work:work-runtime:2.8.1] AndroidManifest.xml:31:13-68
269            android:exported="false" >
269-->[androidx.work:work-runtime:2.8.1] AndroidManifest.xml:32:13-37
270            <meta-data
270-->[androidx.work:work-runtime:2.8.1] AndroidManifest.xml:34:13-36:52
271                android:name="androidx.work.WorkManagerInitializer"
271-->[androidx.work:work-runtime:2.8.1] AndroidManifest.xml:35:17-68
272                android:value="androidx.startup" />
272-->[androidx.work:work-runtime:2.8.1] AndroidManifest.xml:36:17-49
273            <meta-data
273-->[androidx.emoji2:emoji2:1.2.0] AndroidManifest.xml:29:13-31:52
274                android:name="androidx.emoji2.text.EmojiCompatInitializer"
274-->[androidx.emoji2:emoji2:1.2.0] AndroidManifest.xml:30:17-75
275                android:value="androidx.startup" />
275-->[androidx.emoji2:emoji2:1.2.0] AndroidManifest.xml:31:17-49
276            <meta-data
276-->[androidx.lifecycle:lifecycle-process:2.4.1] AndroidManifest.xml:31:13-33:52
277                android:name="androidx.lifecycle.ProcessLifecycleInitializer"
277-->[androidx.lifecycle:lifecycle-process:2.4.1] AndroidManifest.xml:32:17-78
278                android:value="androidx.startup" />
278-->[androidx.lifecycle:lifecycle-process:2.4.1] AndroidManifest.xml:33:17-49
279        </provider>
280
281        <service
281-->[androidx.work:work-runtime:2.8.1] AndroidManifest.xml:39:9-45:35
282            android:name="androidx.work.impl.background.systemalarm.SystemAlarmService"
282-->[androidx.work:work-runtime:2.8.1] AndroidManifest.xml:40:13-88
283            android:directBootAware="false"
283-->[androidx.work:work-runtime:2.8.1] AndroidManifest.xml:41:13-44
284            android:enabled="@bool/enable_system_alarm_service_default"
284-->[androidx.work:work-runtime:2.8.1] AndroidManifest.xml:42:13-72
285            android:exported="false" />
285-->[androidx.work:work-runtime:2.8.1] AndroidManifest.xml:43:13-37
286        <service
286-->[androidx.work:work-runtime:2.8.1] AndroidManifest.xml:46:9-52:35
287            android:name="androidx.work.impl.background.systemjob.SystemJobService"
287-->[androidx.work:work-runtime:2.8.1] AndroidManifest.xml:47:13-84
288            android:directBootAware="false"
288-->[androidx.work:work-runtime:2.8.1] AndroidManifest.xml:48:13-44
289            android:enabled="@bool/enable_system_job_service_default"
289-->[androidx.work:work-runtime:2.8.1] AndroidManifest.xml:49:13-70
290            android:exported="true"
290-->[androidx.work:work-runtime:2.8.1] AndroidManifest.xml:50:13-36
291            android:permission="android.permission.BIND_JOB_SERVICE" />
291-->[androidx.work:work-runtime:2.8.1] AndroidManifest.xml:51:13-69
292        <service
292-->[androidx.work:work-runtime:2.8.1] AndroidManifest.xml:53:9-59:35
293            android:name="androidx.work.impl.foreground.SystemForegroundService"
293-->[androidx.work:work-runtime:2.8.1] AndroidManifest.xml:54:13-81
294            android:directBootAware="false"
294-->[androidx.work:work-runtime:2.8.1] AndroidManifest.xml:55:13-44
295            android:enabled="@bool/enable_system_foreground_service_default"
295-->[androidx.work:work-runtime:2.8.1] AndroidManifest.xml:56:13-77
296            android:exported="false" />